[23:53:37][compile_logger][INFO][/home/zz/Desktop/project/Online_Judge/Compile/Compiler.cpp:55][РbзЉЦиѓСжИРеКЯ!
]
[23:55:11][compile_logger][INFO][/home/zz/Desktop/project/Online_Judge/Compile/Compiler.cpp:55][`=зЉЦиѓСжИРеКЯ!
]
[21:43:08][compile_logger][INFO][/home/zz/Desktop/project/Online_Judge/Compile/Compiler.cpp:55][0]зЉЦиѓСжИРеКЯ!]
[21:28:52][compile_logger][INFO][/home/zz/Desktop/project/Online_Judge/Compile/Compiler.cpp:55][0KзЉЦиѓСжИРеКЯ!]
[21:37:12][compile_logger][INFO][/home/zz/Desktop/project/Online_Judge/Compile/Compiler.cpp:55][0KзЉЦиѓСжИРеКЯ!]
[21:44:10][compile_logger][INFO][/home/zz/Desktop/project/Online_Judge/Compile/Compiler.cpp:55][0KзЉЦиѓСжИРеКЯ!]
[21:57:31][compile_logger][INFO][/home/zz/Desktop/project/Online_Judge/Compile/Compiler.cpp:55][0KзЉЦиѓСжИРеКЯ!]
[21:58:08][compile_logger][INFO][/home/zz/Desktop/project/Online_Judge/Compile/Compiler.cpp:55][0KзЉЦиѓСжИРеКЯ!]
[22:02:40][compile_logger][INFO][/home/zz/Desktop/project/Online_Judge/Compile/Compiler.cpp:55][0KзЉЦиѓСжИРеКЯ!]
[22:08:46][compile_logger][INFO][/home/zz/Desktop/project/Online_Judge/Compile/Compiler.cpp:55][†PзЉЦиѓСжИРеКЯ!]
[22:14:14][compile_logger][INFO][/home/zz/Desktop/project/Online_Judge/Compile/Compiler.cpp:55][†PзЉЦиѓСжИРеКЯ!]
[22:17:33][compile_logger][INFO][/home/zz/Desktop/project/Online_Judge/Compile/Compiler.cpp:55][†PзЉЦиѓСжИРеКЯ!]
[22:21:20][compile_logger][INFO][/home/zz/Desktop/project/Online_Judge/Compile/Compiler.cpp:55][ CзЉЦиѓСжИРеКЯ!]
[10:06:41][compile_logger][INFO][/home/zz/Desktop/project/Online_Judge/Compile/Compiler.cpp:55][А%зЉЦиѓСжИРеКЯ!]
[16:23:45][compile_logger][INFO][/home/zz/Desktop/project/Online_Judge/Compile/Compiler.cpp:55][0KзЉЦиѓСжИРеКЯ!]
[16:24:11][compile_logger][INFO][/home/zz/Desktop/project/Online_Judge/Compile/Compiler.cpp:55][Р+зЉЦиѓСжИРеКЯ!]
[16:35:21][compile_logger][INFO][/home/zz/Desktop/project/Online_Judge/Compile/Compiler.cpp:55][0KзЉЦиѓСжИРеКЯ!]
[16:35:40][compile_logger][INFO][/home/zz/Desktop/project/Online_Judge/Compile/Compiler.cpp:55][`+зЉЦиѓСжИРеКЯ!]
[16:40:42][compile_logger][INFO][/home/zz/Desktop/project/Online_Judge/Compile/Compiler.cpp:55][RзЉЦиѓСжИРеКЯ!]
[16:58:08][compile_logger][INFO][/home/zz/Desktop/project/Online_Judge/Compile/Compiler.cpp:55][RзЉЦиѓСжИРеКЯ!]
[17:02:29][compile_logger][INFO][/home/zz/Desktop/project/Online_Judge/Compile/Compiler.cpp:55][00зЉЦиѓСжИРеКЯ!]
[19:49:15][compile_logger][INFO][/home/zz/Desktop/project/Online_Judge/Compile/Compiler.cpp:55][RзЉЦиѓСжИРеКЯ!]
[23:09:37][compile_logger][INFO][/home/zz/Desktop/project/Online_Judge/Compile/Compiler.cpp:55][RзЉЦиѓСжИРеКЯ!]
[23:10:12][compile_logger][INFO][/home/zz/Desktop/project/Online_Judge/Compile/Compiler.cpp:55][зЉЦиѓСжИРеКЯ!]
[23:12:24][compile_logger][INFO][/home/zz/Desktop/project/Online_Judge/Compile/Compiler.cpp:55][00зЉЦиѓСжИРеКЯ!]
[23:27:09][compile_logger][INFO][/home/zz/Desktop/project/Online_Judge/Compile/Compiler.cpp:55][00зЉЦиѓСжИРеКЯ!]
[23:33:15][compile_logger][INFO][/home/zz/Desktop/project/Online_Judge/Compile/Compiler.cpp:55][P]зЉЦиѓСжИРеКЯ!]
[23:36:28][compile_logger][INFO][/home/zz/Desktop/project/Online_Judge/Compile/Compiler.cpp:55][АRзЉЦиѓСжИРеКЯ!]
[23:44:23][compile_logger][INFO][/home/zz/Desktop/project/Online_Judge/Compile/Compiler.cpp:55][АRзЉЦиѓСжИРеКЯ!]
[23:46:17][compile_logger][INFO][/home/zz/Desktop/project/Online_Judge/Compile/Compiler.cpp:55][АRзЉЦиѓСжИРеКЯ!]
[23:52:57][compile_logger][INFO][/home/zz/Desktop/project/Online_Judge/Compile/Compiler.cpp:55][јPзЉЦиѓСжИРеКЯ!]
[00:03:11][compile_logger][INFO][/home/zz/Desktop/project/Online_Judge/Compile/Compiler.cpp:55][RзЉЦиѓСжИРеКЯ!]
[00:06:42][compile_logger][INFO][/home/zz/Desktop/project/Online_Judge/Compile/Compiler.cpp:55][0KзЉЦиѓСжИРеКЯ!]
[00:07:36][compile_logger][INFO][/home/zz/Desktop/project/Online_Judge/Compile/Compiler.cpp:55][ #зЉЦиѓСжИРеКЯ!]
[11:02:57][compile_logger][INFO][/home/zz/Desktop/project/Online_Judge/Compile/Compiler.cpp:55][0KзЉЦиѓСжИРеКЯ!]
[11:04:44][compile_logger][INFO][/home/zz/Desktop/project/Online_Judge/Compile/Compiler.cpp:55][`+зЉЦиѓСжИРеКЯ!]
[22:26:19][compile_logger][INFO][/home/zz/Desktop/project/Online_Judge/Compile/Compiler.cpp:55][0TзЉЦиѓСжИРеКЯ!]
[22:29:48][compile_logger][INFO][/home/zz/Desktop/project/Online_Judge/Compile/Compiler.cpp:55][А2зЉЦиѓСжИРеКЯ!]
[22:34:10][compile_logger][INFO][/home/zz/Desktop/project/Online_Judge/Compile/Compiler.cpp:55][0TзЉЦиѓСжИРеКЯ!]
[22:34:29][compile_logger][INFO][/home/zz/Desktop/project/Online_Judge/Compile/Compiler.cpp:55][А2зЉЦиѓСжИРеКЯ!]
[22:42:52][compile_logger][INFO][/home/zz/Desktop/project/Online_Judge/Compile/Compiler.cpp:55][А2зЉЦиѓСжИРеКЯ!]
[22:43:35][compile_logger][INFO][/home/zz/Desktop/project/Online_Judge/Compile/Compiler.cpp:55][А2зЉЦиѓСжИРеКЯ!]
[22:43:43][compile_logger][INFO][/home/zz/Desktop/project/Online_Judge/Compile/Compiler.cpp:55][А2зЉЦиѓСжИРеКЯ!]
[22:50:16][compile_logger][INFO][/home/zz/Desktop/project/Online_Judge/Compile/Compiler.cpp:55][А2зЉЦиѓСжИРеКЯ!]
[22:50:48][compile_logger][INFO][/home/zz/Desktop/project/Online_Judge/Compile/Compiler.cpp:55][А2зЉЦиѓСжИРеКЯ!]
[22:51:01][compile_logger][INFO][/home/zz/Desktop/project/Online_Judge/Compile/Compiler.cpp:55][0"зЉЦиѓСжИРеКЯ!]
[23:05:32][compile_logger][INFO][/home/zz/Desktop/project/Online_Judge/Compile/Compiler.cpp:55][0TзЉЦиѓСжИРеКЯ!]
[23:06:13][compile_logger][INFO][/home/zz/Desktop/project/Online_Judge/Compile/Compiler.cpp:55][А2зЉЦиѓСжИРеКЯ!]
[23:06:17][compile_logger][INFO][/home/zz/Desktop/project/Online_Judge/Compile/Compiler.cpp:55][А2зЉЦиѓСжИРеКЯ!]
[23:06:33][compile_logger][INFO][/home/zz/Desktop/project/Online_Judge/Compile/Compiler.cpp:55][А2зЉЦиѓСжИРеКЯ!]
[23:07:12][compile_logger][INFO][/home/zz/Desktop/project/Online_Judge/Compile/Compiler.cpp:55][А2зЉЦиѓСжИРеКЯ!]
[23:08:40][compile_logger][INFO][/home/zz/Desktop/project/Online_Judge/Compile/Compiler.cpp:55][А2зЉЦиѓСжИРеКЯ!]
[23:08:57][compile_logger][INFO][/home/zz/Desktop/project/Online_Judge/Compile/Compiler.cpp:55][0TзЉЦиѓСжИРеКЯ!]
[23:09:02][compile_logger][INFO][/home/zz/Desktop/project/Online_Judge/Compile/Compiler.cpp:55][А2зЉЦиѓСжИРеКЯ!]
[23:09:07][compile_logger][INFO][/home/zz/Desktop/project/Online_Judge/Compile/Compiler.cpp:55][А2зЉЦиѓСжИРеКЯ!]
[23:09:11][compile_logger][INFO][/home/zz/Desktop/project/Online_Judge/Compile/Compiler.cpp:55][А2зЉЦиѓСжИРеКЯ!]
[23:10:08][compile_logger][INFO][/home/zz/Desktop/project/Online_Judge/Compile/Compiler.cpp:55][А2зЉЦиѓСжИРеКЯ!]
[23:10:15][compile_logger][INFO][/home/zz/Desktop/project/Online_Judge/Compile/Compiler.cpp:55][А2зЉЦиѓСжИРеКЯ!]
[23:10:21][compile_logger][INFO][/home/zz/Desktop/project/Online_Judge/Compile/Compiler.cpp:55][0"зЉЦиѓСжИРеКЯ!]
[23:12:57][compile_logger][INFO][/home/zz/Desktop/project/Online_Judge/Compile/Compiler.cpp:55][0"зЉЦиѓСжИРеКЯ!]
[23:21:34][compile_logger][INFO][/home/zz/Desktop/project/Online_Judge/Compile/Compiler.cpp:55][–CзЉЦиѓСжИРеКЯ!]
[23:23:06][compile_logger][INFO][/home/zz/Desktop/project/Online_Judge/Compile/Compiler.cpp:55][–CзЉЦиѓСжИРеКЯ!]
[23:23:46][compile_logger][INFO][/home/zz/Desktop/project/Online_Judge/Compile/Compiler.cpp:55][–CзЉЦиѓСжИРеКЯ!]
[23:24:00][compile_logger][INFO][/home/zz/Desktop/project/Online_Judge/Compile/Compiler.cpp:55][А2зЉЦиѓСжИРеКЯ!]
[23:24:13][compile_logger][INFO][/home/zz/Desktop/project/Online_Judge/Compile/Compiler.cpp:55][А2зЉЦиѓСжИРеКЯ!]
[23:34:39][compile_logger][INFO][/home/zz/Desktop/project/Online_Judge/Compile/Compiler.cpp:55][аBзЉЦиѓСжИРеКЯ!]
[23:35:41][compile_logger][INFO][/home/zz/Desktop/project/Online_Judge/Compile/Compiler.cpp:55][†#зЉЦиѓСжИРеКЯ!]
[22:46:29][compile_logger][INFO][/home/zz/Desktop/project/Online_Judge/Compile/Compiler.cpp:55][pcзЉЦиѓСжИРеКЯ!]
[22:55:15][compile_logger][INFO][/home/zz/Desktop/project/Online_Judge/Compile/Compiler.cpp:55][pcзЉЦиѓСжИРеКЯ!]
[23:28:04][compile_logger][INFO][/home/zz/Desktop/project/Online_Judge/Compile/Compiler.cpp:55][pcзЉЦиѓСжИРеКЯ!]
[23:28:34][compile_logger][INFO][/home/zz/Desktop/project/Online_Judge/Compile/Compiler.cpp:55][pcзЉЦиѓСжИРеКЯ!]
