[21:06:09][model_logger][INFO][/home/zz/Desktop/project/Online_Judge/OJ/oj_Model.cpp:31][连接数据库成功]
[21:06:13][model_logger][INFO][/home/zz/Desktop/project/Online_Judge/OJ/oj_Model.cpp:31][连接数据库成功]
[21:06:13][model_logger][WARN][/home/zz/Desktop/project/Online_Judge/OJ/oj_Model.cpp:38][select * from questions where number=1 execute error
]
[21:06:16][model_logger][INFO][/home/zz/Desktop/project/Online_Judge/OJ/oj_Model.cpp:31][连接数据库成功]
[21:06:16][model_logger][WARN][/home/zz/Desktop/project/Online_Judge/OJ/oj_Model.cpp:38][select * from questions where number=2 execute error
]
[21:06:18][model_logger][INFO][/home/zz/Desktop/project/Online_Judge/OJ/oj_Model.cpp:31][连接数据库成功]
[21:06:18][model_logger][WARN][/home/zz/Desktop/project/Online_Judge/OJ/oj_Model.cpp:38][select * from questions where number=1 execute error
]
[21:11:56][model_logger][INFO][/home/zz/Desktop/project/Online_Judge/OJ/oj_Model.cpp:31][连接数据库成功]
[21:12:01][model_logger][INFO][/home/zz/Desktop/project/Online_Judge/OJ/oj_Model.cpp:31][连接数据库成功]
[21:12:12][model_logger][INFO][/home/zz/Desktop/project/Online_Judge/OJ/oj_Model.cpp:31][连接数据库成功]
[21:20:50][model_logger][INFO][/home/zz/Desktop/project/Online_Judge/OJ/oj_Model.cpp:31][连接数据库成功]
[21:22:45][model_logger][INFO][/home/zz/Desktop/project/Online_Judge/OJ/oj_Model.cpp:31][连接数据库成功]
[21:22:47][model_logger][INFO][/home/zz/Desktop/project/Online_Judge/OJ/oj_Model.cpp:31][连接数据库成功]
[21:22:52][model_logger][INFO][/home/zz/Desktop/project/Online_Judge/OJ/oj_Model.cpp:31][连接数据库成功]
[21:22:52][model_logger][INFO][/home/zz/Desktop/project/Online_Judge/OJ/oj_Model.cpp:31][连接数据库成功]
[21:22:52][model_logger][INFO][/home/zz/Desktop/project/Online_Judge/OJ/oj_Model.cpp:31][连接数据库成功]
[21:22:57][model_logger][INFO][/home/zz/Desktop/project/Online_Judge/OJ/oj_Model.cpp:31][连接数据库成功]
[21:22:57][model_logger][INFO][/home/zz/Desktop/project/Online_Judge/OJ/oj_Model.cpp:31][连接数据库成功]
[21:22:58][model_logger][INFO][/home/zz/Desktop/project/Online_Judge/OJ/oj_Model.cpp:31][连接数据库成功]
[21:22:58][model_logger][INFO][/home/zz/Desktop/project/Online_Judge/OJ/oj_Model.cpp:31][连接数据库成功]
[21:23:11][model_logger][INFO][/home/zz/Desktop/project/Online_Judge/OJ/oj_Model.cpp:31][连接数据库成功]
[21:25:54][model_logger][INFO][/home/zz/Desktop/project/Online_Judge/OJ/oj_Model.cpp:31][连接数据库成功]
[21:25:56][model_logger][INFO][/home/zz/Desktop/project/Online_Judge/OJ/oj_Model.cpp:31][连接数据库成功]
[21:26:17][model_logger][INFO][/home/zz/Desktop/project/Online_Judge/OJ/oj_Model.cpp:31][连接数据库成功]
[21:26:18][model_logger][INFO][/home/zz/Desktop/project/Online_Judge/OJ/oj_Model.cpp:31][连接数据库成功]
[21:27:19][model_logger][INFO][/home/zz/Desktop/project/Online_Judge/OJ/oj_Model.cpp:31][连接数据库成功]
[21:27:19][model_logger][DEBUG][/home/zz/Desktop/project/Online_Judge/OJ/oj_Model.cpp:42][select * from questions where id=2 execute success]
[21:27:21][model_logger][INFO][/home/zz/Desktop/project/Online_Judge/OJ/oj_Model.cpp:31][连接数据库成功]
[21:27:21][model_logger][DEBUG][/home/zz/Desktop/project/Online_Judge/OJ/oj_Model.cpp:42][select * from questions where id=2 execute success]
[21:36:48][model_logger][INFO][/home/zz/Desktop/project/Online_Judge/OJ/oj_Model.cpp:31][连接数据库成功]
[21:36:48][model_logger][DEBUG][/home/zz/Desktop/project/Online_Judge/OJ/oj_Model.cpp:42][select * from questions where id=2 execute success]
[21:36:49][model_logger][INFO][/home/zz/Desktop/project/Online_Judge/OJ/oj_Model.cpp:31][连接数据库成功]
[21:36:49][model_logger][DEBUG][/home/zz/Desktop/project/Online_Judge/OJ/oj_Model.cpp:42][select * from questions where id=2 execute success]
[21:54:19][model_logger][INFO][/home/zz/Desktop/project/Online_Judge/OJ/oj_Model.cpp:31][连接数据库成功]
[21:54:19][model_logger][DEBUG][/home/zz/Desktop/project/Online_Judge/OJ/oj_Model.cpp:42][select * from questions where id=2 execute success]
[21:54:35][model_logger][INFO][/home/zz/Desktop/project/Online_Judge/OJ/oj_Model.cpp:31][连接数据库成功]
[21:54:35][model_logger][DEBUG][/home/zz/Desktop/project/Online_Judge/OJ/oj_Model.cpp:42][select * from questions where id=2 execute success]
[22:10:49][model_logger][INFO][/home/zz/Desktop/project/Online_Judge/OJ/oj_Model.cpp:31][连接数据库成功]
[22:10:49][model_logger][DEBUG][/home/zz/Desktop/project/Online_Judge/OJ/oj_Model.cpp:42][select * from questions where id=2 execute success]
[22:11:01][model_logger][INFO][/home/zz/Desktop/project/Online_Judge/OJ/oj_Model.cpp:31][连接数据库成功]
[22:11:01][model_logger][DEBUG][/home/zz/Desktop/project/Online_Judge/OJ/oj_Model.cpp:42][select * from questions where id=2 execute success]
[22:18:32][model_logger][INFO][/home/zz/Desktop/project/Online_Judge/OJ/oj_Model.cpp:31][连接数据库成功]
[22:18:32][model_logger][DEBUG][/home/zz/Desktop/project/Online_Judge/OJ/oj_Model.cpp:42][select * from questions where id=2 execute success]
[22:18:37][model_logger][INFO][/home/zz/Desktop/project/Online_Judge/OJ/oj_Model.cpp:31][连接数据库成功]
[22:18:37][model_logger][DEBUG][/home/zz/Desktop/project/Online_Judge/OJ/oj_Model.cpp:42][select * from questions where id=2 execute success]
[23:03:52][model_logger][INFO][/home/zz/Desktop/project/Online_Judge/OJ/oj_Model.cpp:31][连接数据库成功]
[23:03:52][model_logger][DEBUG][/home/zz/Desktop/project/Online_Judge/OJ/oj_Model.cpp:42][select * from questions execute success]
[23:03:53][model_logger][INFO][/home/zz/Desktop/project/Online_Judge/OJ/oj_Model.cpp:31][连接数据库成功]
[23:03:53][model_logger][DEBUG][/home/zz/Desktop/project/Online_Judge/OJ/oj_Model.cpp:42][select * from questions where id=1 execute success]
[23:04:03][model_logger][INFO][/home/zz/Desktop/project/Online_Judge/OJ/oj_Model.cpp:31][连接数据库成功]
[23:04:03][model_logger][DEBUG][/home/zz/Desktop/project/Online_Judge/OJ/oj_Model.cpp:42][select * from questions where id=2 execute success]
[23:04:06][model_logger][INFO][/home/zz/Desktop/project/Online_Judge/OJ/oj_Model.cpp:31][连接数据库成功]
[23:04:06][model_logger][DEBUG][/home/zz/Desktop/project/Online_Judge/OJ/oj_Model.cpp:42][select * from questions where id=1 execute success]
[23:04:15][model_logger][INFO][/home/zz/Desktop/project/Online_Judge/OJ/oj_Model.cpp:31][连接数据库成功]
[23:04:15][model_logger][DEBUG][/home/zz/Desktop/project/Online_Judge/OJ/oj_Model.cpp:42][select * from questions where id=1 execute success]
[23:08:40][model_logger][INFO][/home/zz/Desktop/project/Online_Judge/OJ/oj_Model.cpp:31][连接数据库成功]
[23:08:40][model_logger][DEBUG][/home/zz/Desktop/project/Online_Judge/OJ/oj_Model.cpp:42][select * from questions where id=1 execute success]
[23:08:41][model_logger][INFO][/home/zz/Desktop/project/Online_Judge/OJ/oj_Model.cpp:31][连接数据库成功]
[23:08:41][model_logger][DEBUG][/home/zz/Desktop/project/Online_Judge/OJ/oj_Model.cpp:42][select * from questions where id=1 execute success]
[23:11:22][model_logger][INFO][/home/zz/Desktop/project/Online_Judge/OJ/oj_Model.cpp:31][连接数据库成功]
[23:11:23][model_logger][DEBUG][/home/zz/Desktop/project/Online_Judge/OJ/oj_Model.cpp:42][select * from questions where id=1 execute success]
[23:11:24][model_logger][INFO][/home/zz/Desktop/project/Online_Judge/OJ/oj_Model.cpp:31][连接数据库成功]
[23:11:24][model_logger][DEBUG][/home/zz/Desktop/project/Online_Judge/OJ/oj_Model.cpp:42][select * from questions where id=1 execute success]
[23:17:52][model_logger][INFO][/home/zz/Desktop/project/Online_Judge/OJ/oj_Model.cpp:31][连接数据库成功]
[23:17:52][model_logger][DEBUG][/home/zz/Desktop/project/Online_Judge/OJ/oj_Model.cpp:42][select * from questions where id=1 execute success]
[23:17:54][model_logger][INFO][/home/zz/Desktop/project/Online_Judge/OJ/oj_Model.cpp:31][连接数据库成功]
[23:17:54][model_logger][DEBUG][/home/zz/Desktop/project/Online_Judge/OJ/oj_Model.cpp:42][select * from questions where id=1 execute success]
[23:19:42][model_logger][INFO][/home/zz/Desktop/project/Online_Judge/OJ/oj_Model.cpp:31][连接数据库成功]
[23:19:42][model_logger][DEBUG][/home/zz/Desktop/project/Online_Judge/OJ/oj_Model.cpp:42][select * from questions where id=1 execute success]
[23:19:44][model_logger][INFO][/home/zz/Desktop/project/Online_Judge/OJ/oj_Model.cpp:31][连接数据库成功]
[23:19:44][model_logger][DEBUG][/home/zz/Desktop/project/Online_Judge/OJ/oj_Model.cpp:42][select * from questions where id=1 execute success]
[23:27:19][model_logger][INFO][/home/zz/Desktop/project/Online_Judge/OJ/oj_Model.cpp:31][连接数据库成功]
[23:27:19][model_logger][DEBUG][/home/zz/Desktop/project/Online_Judge/OJ/oj_Model.cpp:42][select * from questions where id=1 execute success]
[23:27:21][model_logger][INFO][/home/zz/Desktop/project/Online_Judge/OJ/oj_Model.cpp:31][连接数据库成功]
[23:27:21][model_logger][DEBUG][/home/zz/Desktop/project/Online_Judge/OJ/oj_Model.cpp:42][select * from questions where id=1 execute success]
[23:34:26][model_logger][INFO][/home/zz/Desktop/project/Online_Judge/OJ/oj_Model.cpp:31][连接数据库成功]
[23:34:26][model_logger][DEBUG][/home/zz/Desktop/project/Online_Judge/OJ/oj_Model.cpp:42][select * from questions where id=1 execute success]
[23:34:31][model_logger][INFO][/home/zz/Desktop/project/Online_Judge/OJ/oj_Model.cpp:31][连接数据库成功]
[23:34:31][model_logger][DEBUG][/home/zz/Desktop/project/Online_Judge/OJ/oj_Model.cpp:42][select * from questions where id=1 execute success]
[23:36:33][model_logger][INFO][/home/zz/Desktop/project/Online_Judge/OJ/oj_Model.cpp:31][连接数据库成功]
[23:36:33][model_logger][DEBUG][/home/zz/Desktop/project/Online_Judge/OJ/oj_Model.cpp:42][select * from questions where id=1 execute success]
[23:39:08][model_logger][INFO][/home/zz/Desktop/project/Online_Judge/OJ/oj_Model.cpp:31][连接数据库成功]
[23:39:08][model_logger][DEBUG][/home/zz/Desktop/project/Online_Judge/OJ/oj_Model.cpp:42][select * from questions where id=1 execute success]
[23:40:52][model_logger][INFO][/home/zz/Desktop/project/Online_Judge/OJ/oj_Model.cpp:31][连接数据库成功]
[23:40:52][model_logger][DEBUG][/home/zz/Desktop/project/Online_Judge/OJ/oj_Model.cpp:42][select * from questions where id=2 execute success]
[23:42:28][model_logger][INFO][/home/zz/Desktop/project/Online_Judge/OJ/oj_Model.cpp:31][连接数据库成功]
[23:42:28][model_logger][DEBUG][/home/zz/Desktop/project/Online_Judge/OJ/oj_Model.cpp:42][select * from questions where id=2 execute success]
[23:53:29][model_logger][INFO][/home/zz/Desktop/project/Online_Judge/OJ/oj_Model.cpp:31][连接数据库成功]
[23:53:29][model_logger][DEBUG][/home/zz/Desktop/project/Online_Judge/OJ/oj_Model.cpp:42][select * from questions where id=2 execute success]
[23:53:34][model_logger][INFO][/home/zz/Desktop/project/Online_Judge/OJ/oj_Model.cpp:31][连接数据库成功]
[23:53:34][model_logger][DEBUG][/home/zz/Desktop/project/Online_Judge/OJ/oj_Model.cpp:42][select * from questions where id=2 execute success]
[23:53:36][model_logger][INFO][/home/zz/Desktop/project/Online_Judge/OJ/oj_Model.cpp:31][连接数据库成功]
[23:53:36][model_logger][DEBUG][/home/zz/Desktop/project/Online_Judge/OJ/oj_Model.cpp:42][select * from questions where id=2 execute success]
[23:55:10][model_logger][INFO][/home/zz/Desktop/project/Online_Judge/OJ/oj_Model.cpp:31][连接数据库成功]
[23:55:10][model_logger][DEBUG][/home/zz/Desktop/project/Online_Judge/OJ/oj_Model.cpp:42][select * from questions where id=2 execute success]
[21:42:18][model_logger][INFO][/home/zz/Desktop/project/Online_Judge/OJ/oj_Model.cpp:31][连接数据库成功]
[21:42:18][model_logger][DEBUG][/home/zz/Desktop/project/Online_Judge/OJ/oj_Model.cpp:42][select * from questions execute success]
[21:42:45][model_logger][INFO][/home/zz/Desktop/project/Online_Judge/OJ/oj_Model.cpp:31][连接数据库成功]
[21:42:45][model_logger][DEBUG][/home/zz/Desktop/project/Online_Judge/OJ/oj_Model.cpp:42][select * from questions where id=2 execute success]
[21:43:07][model_logger][INFO][/home/zz/Desktop/project/Online_Judge/OJ/oj_Model.cpp:31][连接数据库成功]
[21:43:07][model_logger][DEBUG][/home/zz/Desktop/project/Online_Judge/OJ/oj_Model.cpp:42][select * from questions where id=2 execute success]
[16:43:30][model_logger][INFO][/home/zz/Desktop/project/Online_Judge/OJ/oj_Model.cpp:31][连接数据库成功]
[16:43:38][model_logger][INFO][/home/zz/Desktop/project/Online_Judge/OJ/oj_Model.cpp:31][连接数据库成功]
[16:52:46][model_logger][INFO][/home/zz/Desktop/project/Online_Judge/OJ/oj_Model.cpp:31][连接数据库成功]
[16:52:51][model_logger][INFO][/home/zz/Desktop/project/Online_Judge/OJ/oj_Model.cpp:31][连接数据库成功]
[21:27:57][model_logger][INFO][/home/zz/Desktop/project/Online_Judge/OJ/oj_Model.cpp:31][连接数据库成功]
[21:28:00][model_logger][INFO][/home/zz/Desktop/project/Online_Judge/OJ/oj_Model.cpp:31][连接数据库成功]
[21:28:51][model_logger][INFO][/home/zz/Desktop/project/Online_Judge/OJ/oj_Model.cpp:31][连接数据库成功]
[21:37:11][model_logger][INFO][/home/zz/Desktop/project/Online_Judge/OJ/oj_Model.cpp:31][连接数据库成功]
[21:44:09][model_logger][INFO][/home/zz/Desktop/project/Online_Judge/OJ/oj_Model.cpp:31][连接数据库成功]
[21:57:30][model_logger][INFO][/home/zz/Desktop/project/Online_Judge/OJ/oj_Model.cpp:31][连接数据库成功]
[21:58:07][model_logger][INFO][/home/zz/Desktop/project/Online_Judge/OJ/oj_Model.cpp:31][连接数据库成功]
[22:02:39][model_logger][INFO][/home/zz/Desktop/project/Online_Judge/OJ/oj_Model.cpp:31][连接数据库成功]
[22:08:44][model_logger][INFO][/home/zz/Desktop/project/Online_Judge/OJ/oj_Model.cpp:31][连接数据库成功]
[22:14:13][model_logger][INFO][/home/zz/Desktop/project/Online_Judge/OJ/oj_Model.cpp:31][连接数据库成功]
[22:17:32][model_logger][INFO][/home/zz/Desktop/project/Online_Judge/OJ/oj_Model.cpp:31][连接数据库成功]
[22:21:18][model_logger][INFO][/home/zz/Desktop/project/Online_Judge/OJ/oj_Model.cpp:31][连接数据库成功]
[10:02:22][model_logger][INFO][/home/zz/Desktop/project/Online_Judge/OJ/oj_Model.cpp:31][连接数据库成功]
[10:02:34][model_logger][INFO][/home/zz/Desktop/project/Online_Judge/OJ/oj_Model.cpp:31][连接数据库成功]
[10:02:51][model_logger][INFO][/home/zz/Desktop/project/Online_Judge/OJ/oj_Model.cpp:31][连接数据库成功]
[10:05:10][model_logger][INFO][/home/zz/Desktop/project/Online_Judge/OJ/oj_Model.cpp:31][连接数据库成功]
[10:05:50][model_logger][INFO][/home/zz/Desktop/project/Online_Judge/OJ/oj_Model.cpp:31][连接数据库成功]
[10:06:38][model_logger][INFO][/home/zz/Desktop/project/Online_Judge/OJ/oj_Model.cpp:31][连接数据库成功]
[16:06:19][model_logger][INFO][/home/zz/Desktop/project/Online_Judge/OJ/oj_Model.cpp:31][连接数据库成功]
[16:06:28][model_logger][INFO][/home/zz/Desktop/project/Online_Judge/OJ/oj_Model.cpp:31][连接数据库成功]
[16:23:43][model_logger][INFO][/home/zz/Desktop/project/Online_Judge/OJ/oj_Model.cpp:31][连接数据库成功]
[16:24:09][model_logger][INFO][/home/zz/Desktop/project/Online_Judge/OJ/oj_Model.cpp:31][连接数据库成功]
[16:35:18][model_logger][INFO][/home/zz/Desktop/project/Online_Judge/OJ/oj_Model.cpp:31][连接数据库成功]
[16:35:38][model_logger][INFO][/home/zz/Desktop/project/Online_Judge/OJ/oj_Model.cpp:31][连接数据库成功]
[16:40:40][model_logger][INFO][/home/zz/Desktop/project/Online_Judge/OJ/oj_Model.cpp:31][连接数据库成功]
[16:58:06][model_logger][INFO][/home/zz/Desktop/project/Online_Judge/OJ/oj_Model.cpp:31][连接数据库成功]
[17:02:27][model_logger][INFO][/home/zz/Desktop/project/Online_Judge/OJ/oj_Model.cpp:31][连接数据库成功]
[19:48:42][model_logger][INFO][/home/zz/Desktop/project/Online_Judge/OJ/oj_Model.cpp:31][连接数据库成功]
[19:48:46][model_logger][INFO][/home/zz/Desktop/project/Online_Judge/OJ/oj_Model.cpp:31][连接数据库成功]
[19:49:12][model_logger][INFO][/home/zz/Desktop/project/Online_Judge/OJ/oj_Model.cpp:31][连接数据库成功]
[23:09:12][model_logger][INFO][/home/zz/Desktop/project/Online_Judge/OJ/oj_Model.cpp:31][连接数据库成功]
[23:09:13][model_logger][INFO][/home/zz/Desktop/project/Online_Judge/OJ/oj_Model.cpp:31][连接数据库成功]
[23:09:35][model_logger][INFO][/home/zz/Desktop/project/Online_Judge/OJ/oj_Model.cpp:31][连接数据库成功]
[23:10:10][model_logger][INFO][/home/zz/Desktop/project/Online_Judge/OJ/oj_Model.cpp:31][连接数据库成功]
[23:12:22][model_logger][INFO][/home/zz/Desktop/project/Online_Judge/OJ/oj_Model.cpp:31][连接数据库成功]
[23:27:07][model_logger][INFO][/home/zz/Desktop/project/Online_Judge/OJ/oj_Model.cpp:31][连接数据库成功]
[23:33:13][model_logger][INFO][/home/zz/Desktop/project/Online_Judge/OJ/oj_Model.cpp:31][连接数据库成功]
[23:36:25][model_logger][INFO][/home/zz/Desktop/project/Online_Judge/OJ/oj_Model.cpp:31][连接数据库成功]
[23:44:21][model_logger][INFO][/home/zz/Desktop/project/Online_Judge/OJ/oj_Model.cpp:31][连接数据库成功]
[23:46:16][model_logger][INFO][/home/zz/Desktop/project/Online_Judge/OJ/oj_Model.cpp:31][连接数据库成功]
[23:52:54][model_logger][INFO][/home/zz/Desktop/project/Online_Judge/OJ/oj_Model.cpp:31][连接数据库成功]
[00:03:09][model_logger][INFO][/home/zz/Desktop/project/Online_Judge/OJ/oj_Model.cpp:31][连接数据库成功]
[00:06:40][model_logger][INFO][/home/zz/Desktop/project/Online_Judge/OJ/oj_Model.cpp:31][连接数据库成功]
[00:07:34][model_logger][INFO][/home/zz/Desktop/project/Online_Judge/OJ/oj_Model.cpp:31][连接数据库成功]
[11:02:15][model_logger][INFO][/home/zz/Desktop/project/Online_Judge/OJ/oj_Model.cpp:31][连接数据库成功]
[11:02:19][model_logger][INFO][/home/zz/Desktop/project/Online_Judge/OJ/oj_Model.cpp:31][连接数据库成功]
[11:02:56][model_logger][INFO][/home/zz/Desktop/project/Online_Judge/OJ/oj_Model.cpp:31][连接数据库成功]
[11:04:42][model_logger][INFO][/home/zz/Desktop/project/Online_Judge/OJ/oj_Model.cpp:31][连接数据库成功]
[22:19:10][model_logger][INFO][/home/zz/Desktop/project/Online_Judge/OJ/oj_Model.cpp:31][连接数据库成功]
[22:23:39][model_logger][INFO][/home/zz/Desktop/project/Online_Judge/OJ/oj_Model.cpp:31][连接数据库成功]
[22:23:41][model_logger][INFO][/home/zz/Desktop/project/Online_Judge/OJ/oj_Model.cpp:31][连接数据库成功]
[22:26:16][model_logger][INFO][/home/zz/Desktop/project/Online_Judge/OJ/oj_Model.cpp:31][连接数据库成功]
[22:28:46][model_logger][INFO][/home/zz/Desktop/project/Online_Judge/OJ/oj_Model.cpp:31][连接数据库成功]
[22:29:34][model_logger][INFO][/home/zz/Desktop/project/Online_Judge/OJ/oj_Model.cpp:31][连接数据库成功]
[22:29:45][model_logger][INFO][/home/zz/Desktop/project/Online_Judge/OJ/oj_Model.cpp:31][连接数据库成功]
[22:32:44][model_logger][INFO][/home/zz/Desktop/project/Online_Judge/OJ/oj_Model.cpp:31][连接数据库成功]
[22:32:46][model_logger][INFO][/home/zz/Desktop/project/Online_Judge/OJ/oj_Model.cpp:31][连接数据库成功]
[22:34:07][model_logger][INFO][/home/zz/Desktop/project/Online_Judge/OJ/oj_Model.cpp:31][连接数据库成功]
[22:34:26][model_logger][INFO][/home/zz/Desktop/project/Online_Judge/OJ/oj_Model.cpp:31][连接数据库成功]
[22:42:48][model_logger][INFO][/home/zz/Desktop/project/Online_Judge/OJ/oj_Model.cpp:31][连接数据库成功]
[22:43:31][model_logger][INFO][/home/zz/Desktop/project/Online_Judge/OJ/oj_Model.cpp:31][连接数据库成功]
[22:43:39][model_logger][INFO][/home/zz/Desktop/project/Online_Judge/OJ/oj_Model.cpp:31][连接数据库成功]
[22:43:47][model_logger][INFO][/home/zz/Desktop/project/Online_Judge/OJ/oj_Model.cpp:31][连接数据库成功]
[22:50:12][model_logger][INFO][/home/zz/Desktop/project/Online_Judge/OJ/oj_Model.cpp:31][连接数据库成功]
[22:50:44][model_logger][INFO][/home/zz/Desktop/project/Online_Judge/OJ/oj_Model.cpp:31][连接数据库成功]
[22:50:54][model_logger][INFO][/home/zz/Desktop/project/Online_Judge/OJ/oj_Model.cpp:31][连接数据库成功]
[22:50:58][model_logger][INFO][/home/zz/Desktop/project/Online_Judge/OJ/oj_Model.cpp:31][连接数据库成功]
[23:00:23][model_logger][INFO][/home/zz/Desktop/project/Online_Judge/OJ/oj_Model.cpp:31][连接数据库成功]
[23:03:49][model_logger][INFO][/home/zz/Desktop/project/Online_Judge/OJ/oj_Model.cpp:31][连接数据库成功]
[23:03:51][model_logger][INFO][/home/zz/Desktop/project/Online_Judge/OJ/oj_Model.cpp:31][连接数据库成功]
[23:05:28][model_logger][INFO][/home/zz/Desktop/project/Online_Judge/OJ/oj_Model.cpp:31][连接数据库成功]
[23:06:09][model_logger][INFO][/home/zz/Desktop/project/Online_Judge/OJ/oj_Model.cpp:31][连接数据库成功]
[23:06:13][model_logger][INFO][/home/zz/Desktop/project/Online_Judge/OJ/oj_Model.cpp:31][连接数据库成功]
[23:06:29][model_logger][INFO][/home/zz/Desktop/project/Online_Judge/OJ/oj_Model.cpp:31][连接数据库成功]
[23:07:08][model_logger][INFO][/home/zz/Desktop/project/Online_Judge/OJ/oj_Model.cpp:31][连接数据库成功]
[23:08:35][model_logger][INFO][/home/zz/Desktop/project/Online_Judge/OJ/oj_Model.cpp:31][连接数据库成功]
[23:08:52][model_logger][INFO][/home/zz/Desktop/project/Online_Judge/OJ/oj_Model.cpp:31][连接数据库成功]
[23:08:57][model_logger][INFO][/home/zz/Desktop/project/Online_Judge/OJ/oj_Model.cpp:31][连接数据库成功]
[23:09:02][model_logger][INFO][/home/zz/Desktop/project/Online_Judge/OJ/oj_Model.cpp:31][连接数据库成功]
[23:09:08][model_logger][INFO][/home/zz/Desktop/project/Online_Judge/OJ/oj_Model.cpp:31][连接数据库成功]
[23:10:03][model_logger][INFO][/home/zz/Desktop/project/Online_Judge/OJ/oj_Model.cpp:31][连接数据库成功]
[23:10:10][model_logger][INFO][/home/zz/Desktop/project/Online_Judge/OJ/oj_Model.cpp:31][连接数据库成功]
[23:10:15][model_logger][INFO][/home/zz/Desktop/project/Online_Judge/OJ/oj_Model.cpp:31][连接数据库成功]
[23:10:19][model_logger][INFO][/home/zz/Desktop/project/Online_Judge/OJ/oj_Model.cpp:31][连接数据库成功]
[23:12:54][model_logger][INFO][/home/zz/Desktop/project/Online_Judge/OJ/oj_Model.cpp:31][连接数据库成功]
[23:21:28][model_logger][INFO][/home/zz/Desktop/project/Online_Judge/OJ/oj_Model.cpp:31][连接数据库成功]
[23:21:31][model_logger][INFO][/home/zz/Desktop/project/Online_Judge/OJ/oj_Model.cpp:31][连接数据库成功]
[23:22:57][model_logger][INFO][/home/zz/Desktop/project/Online_Judge/OJ/oj_Model.cpp:31][连接数据库成功]
[23:23:04][model_logger][INFO][/home/zz/Desktop/project/Online_Judge/OJ/oj_Model.cpp:31][连接数据库成功]
[23:23:42][model_logger][INFO][/home/zz/Desktop/project/Online_Judge/OJ/oj_Model.cpp:31][连接数据库成功]
[23:23:44][model_logger][INFO][/home/zz/Desktop/project/Online_Judge/OJ/oj_Model.cpp:31][连接数据库成功]
[23:23:56][model_logger][INFO][/home/zz/Desktop/project/Online_Judge/OJ/oj_Model.cpp:31][连接数据库成功]
[23:24:09][model_logger][INFO][/home/zz/Desktop/project/Online_Judge/OJ/oj_Model.cpp:31][连接数据库成功]
[23:34:28][model_logger][INFO][/home/zz/Desktop/project/Online_Judge/OJ/oj_Model.cpp:31][连接数据库成功]
[23:34:37][model_logger][INFO][/home/zz/Desktop/project/Online_Judge/OJ/oj_Model.cpp:31][连接数据库成功]
[23:35:39][model_logger][INFO][/home/zz/Desktop/project/Online_Judge/OJ/oj_Model.cpp:31][连接数据库成功]
[17:25:09][model_logger][INFO][/home/zz/Desktop/project/Online_Judge/OJ/oj_Model.cpp:33][连接数据库成功]
[22:56:11][model_logger][INFO][/home/zz/Desktop/project/Online_Judge/OJ/oj_Model.cpp:33][连接数据库成功]
[23:11:44][model_logger][INFO][/home/zz/Desktop/project/Online_Judge/OJ/oj_Model.cpp:33][连接数据库成功]
[23:16:18][model_logger][INFO][/home/zz/Desktop/project/Online_Judge/OJ/oj_Model.cpp:33][连接数据库成功]
[23:16:24][model_logger][INFO][/home/zz/Desktop/project/Online_Judge/OJ/oj_Model.cpp:33][连接数据库成功]
[23:16:24][model_logger][WARN][/home/zz/Desktop/project/Online_Judge/OJ/oj_Model.cpp:40][select * from Ques where id= execute error]
[23:23:04][model_logger][INFO][/home/zz/Desktop/project/Online_Judge/OJ/oj_Model.cpp:33][连接数据库成功]
[23:23:04][model_logger][WARN][/home/zz/Desktop/project/Online_Judge/OJ/oj_Model.cpp:40][select * from Ques where id= execute error]
[23:23:06][model_logger][INFO][/home/zz/Desktop/project/Online_Judge/OJ/oj_Model.cpp:33][连接数据库成功]
[23:23:06][model_logger][WARN][/home/zz/Desktop/project/Online_Judge/OJ/oj_Model.cpp:40][select * from Ques where id= execute error]
[23:37:58][model_logger][INFO][/home/zz/Desktop/project/Online_Judge/OJ/oj_Model.cpp:33][连接数据库成功]
[23:37:58][model_logger][WARN][/home/zz/Desktop/project/Online_Judge/OJ/oj_Model.cpp:40][select * from Ques where id= execute error]
[23:38:00][model_logger][INFO][/home/zz/Desktop/project/Online_Judge/OJ/oj_Model.cpp:33][连接数据库成功]
[23:38:00][model_logger][WARN][/home/zz/Desktop/project/Online_Judge/OJ/oj_Model.cpp:40][select * from Ques where id= execute error]
[23:39:12][model_logger][INFO][/home/zz/Desktop/project/Online_Judge/OJ/oj_Model.cpp:33][连接数据库成功]
[23:39:12][model_logger][WARN][/home/zz/Desktop/project/Online_Judge/OJ/oj_Model.cpp:40][select * from Ques where id= execute error]
[23:47:48][model_logger][INFO][/home/zz/Desktop/project/Online_Judge/OJ/oj_Model.cpp:33][连接数据库成功]
[00:08:44][model_logger][INFO][/home/zz/Desktop/project/Online_Judge/OJ/oj_Model.cpp:33][连接数据库成功]
[00:13:57][model_logger][INFO][/home/zz/Desktop/project/Online_Judge/OJ/oj_Model.cpp:33][连接数据库成功]
[00:14:05][model_logger][INFO][/home/zz/Desktop/project/Online_Judge/OJ/oj_Model.cpp:33][连接数据库成功]
[00:17:55][model_logger][INFO][/home/zz/Desktop/project/Online_Judge/OJ/oj_Model.cpp:33][连接数据库成功]
[00:18:00][model_logger][INFO][/home/zz/Desktop/project/Online_Judge/OJ/oj_Model.cpp:33][连接数据库成功]
[21:35:22][model_logger][INFO][/home/zz/Desktop/project/Online_Judge/OJ/oj_Model.cpp:33][连接数据库成功]
[21:35:24][model_logger][INFO][/home/zz/Desktop/project/Online_Judge/OJ/oj_Model.cpp:33][连接数据库成功]
[21:35:30][model_logger][INFO][/home/zz/Desktop/project/Online_Judge/OJ/oj_Model.cpp:33][连接数据库成功]
[21:50:19][model_logger][INFO][/home/zz/Desktop/project/Online_Judge/OJ/oj_Model.cpp:33][连接数据库成功]
[21:50:21][model_logger][INFO][/home/zz/Desktop/project/Online_Judge/OJ/oj_Model.cpp:33][连接数据库成功]
[21:50:24][model_logger][INFO][/home/zz/Desktop/project/Online_Judge/OJ/oj_Model.cpp:33][连接数据库成功]
[22:10:11][model_logger][INFO][/home/zz/Desktop/project/Online_Judge/OJ/oj_Model.cpp:33][连接数据库成功]
[22:10:14][model_logger][INFO][/home/zz/Desktop/project/Online_Judge/OJ/oj_Model.cpp:33][连接数据库成功]
[22:18:48][model_logger][INFO][/home/zz/Desktop/project/Online_Judge/OJ/oj_Model.cpp:33][连接数据库成功]
[22:18:54][model_logger][INFO][/home/zz/Desktop/project/Online_Judge/OJ/oj_Model.cpp:33][连接数据库成功]
[22:46:22][model_logger][INFO][/home/zz/Desktop/project/Online_Judge/OJ/oj_Model.cpp:33][连接数据库成功]
[22:46:27][model_logger][INFO][/home/zz/Desktop/project/Online_Judge/OJ/oj_Model.cpp:33][连接数据库成功]
[22:55:14][model_logger][INFO][/home/zz/Desktop/project/Online_Judge/OJ/oj_Model.cpp:33][连接数据库成功]
[23:28:03][model_logger][INFO][/home/zz/Desktop/project/Online_Judge/OJ/oj_Model.cpp:33][连接数据库成功]
[23:28:33][model_logger][INFO][/home/zz/Desktop/project/Online_Judge/OJ/oj_Model.cpp:33][连接数据库成功]
