[22:43:50][server_model_logger][INFO][/home/zz/Desktop/project/Online_Judge/Search/Index/Searcher.cpp:10][获取单例模式成功]
[22:44:19][server_model_logger][INFO][/home/zz/Desktop/project/Online_Judge/Search/Index/Searcher.cpp:10][获取单例模式成功]
[22:48:26][server_model_logger][INFO][/home/zz/Desktop/project/Online_Judge/Search/Index/Searcher.cpp:10][获取单例模式成功]
[20:54:10][server_model_logger][INFO][/home/zz/Desktop/project/Online_Judge/Search/Index/Searcher.cpp:10][获取单例模式成功]
[20:59:36][server_model_logger][INFO][/home/zz/Desktop/project/Online_Judge/Search/Index/Searcher.cpp:10][获取单例模式成功]
[21:01:47][server_model_logger][INFO][/home/zz/Desktop/project/Online_Judge/Search/Index/Searcher.cpp:10][获取单例模式成功]
[21:01:47][server_model_logger][DEBUG][/home/zz/Desktop/project/Online_Judge/Search/Index/Index.cpp:55][test begin]
[21:07:52][server_model_logger][INFO][/home/zz/Desktop/project/Online_Judge/Search/Index/Searcher.cpp:10][获取单例模式成功]
[21:07:52][server_model_logger][DEBUG][/home/zz/Desktop/project/Online_Judge/Search/Index/Index.cpp:55][test begin]
[21:15:01][server_model_logger][INFO][/home/zz/Desktop/project/Online_Judge/Search/Index/Searcher.cpp:10][获取单例模式成功]
[21:15:01][server_model_logger][DEBUG][/home/zz/Desktop/project/Online_Judge/Search/Index/Index.cpp:55][test begin]
[21:27:47][server_model_logger][INFO][/home/zz/Desktop/project/Online_Judge/Search/Index/Searcher.cpp:10][获取单例模式成功]
[21:27:47][server_model_logger][DEBUG][/home/zz/Desktop/project/Online_Judge/Search/Index/Index.cpp:55][test begin]
[21:31:24][server_model_logger][INFO][/home/zz/Desktop/project/Online_Judge/Search/Index/Searcher.cpp:10][获取单例模式成功]
[21:31:24][server_model_logger][DEBUG][/home/zz/Desktop/project/Online_Judge/Search/Index/Index.cpp:55][test begin]
[21:44:29][server_model_logger][INFO][/home/zz/Desktop/project/Online_Judge/Search/Index/Searcher.cpp:10][获取单例模式成功]
[21:44:29][server_model_logger][DEBUG][/home/zz/Desktop/project/Online_Judge/Search/Index/Index.cpp:55][test begin]
[21:44:36][server_model_logger][INFO][/home/zz/Desktop/project/Online_Judge/Search/Index/Searcher.cpp:10][获取单例模式成功]
[21:44:36][server_model_logger][DEBUG][/home/zz/Desktop/project/Online_Judge/Search/Index/Index.cpp:55][test begin]
[22:18:47][server_model_logger][INFO][/home/zz/Desktop/project/Online_Judge/Search/Index/Searcher.cpp:10][获取单例模式成功]
[22:18:47][server_model_logger][DEBUG][/home/zz/Desktop/project/Online_Judge/Search/Index/Index.cpp:55][test begin]
[22:25:54][server_model_logger][INFO][/home/zz/Desktop/project/Online_Judge/Search/Index/Searcher.cpp:10][获取单例模式成功]
[22:25:54][server_model_logger][DEBUG][/home/zz/Desktop/project/Online_Judge/Search/Index/Index.cpp:55][test begin]
[22:27:06][server_model_logger][INFO][/home/zz/Desktop/project/Online_Judge/Search/Index/Searcher.cpp:10][获取单例模式成功]
[22:27:06][server_model_logger][DEBUG][/home/zz/Desktop/project/Online_Judge/Search/Index/Index.cpp:55][test begin]
[22:27:06][server_model_logger][DEBUG][/home/zz/Desktop/project/Online_Judge/Search/Index/Index.cpp:60][尝试读入数据库成功]
[22:27:06][server_model_logger][INFO][/home/zz/Desktop/project/Online_Judge/Search/Index/Searcher.cpp:14][建立索引成功]
[22:27:06][server_model_logger][INFO][/home/zz/Desktop/project/Online_Judge/Search/Http/Http_Server.cpp:60][服务器启动成功......]
[22:46:38][server_model_logger][INFO][/home/zz/Desktop/project/Online_Judge/Search/Index/Searcher.cpp:10][获取单例模式成功]
[22:46:38][server_model_logger][DEBUG][/home/zz/Desktop/project/Online_Judge/Search/Index/Index.cpp:55][test begin]
[22:46:38][server_model_logger][DEBUG][/home/zz/Desktop/project/Online_Judge/Search/Index/Index.cpp:60][尝试读入数据库成功]
[22:46:38][server_model_logger][INFO][/home/zz/Desktop/project/Online_Judge/Search/Index/Searcher.cpp:14][建立索引成功]
[22:46:38][server_model_logger][INFO][/home/zz/Desktop/project/Online_Judge/Search/Http/Http_Server.cpp:61][服务器启动成功......]
[22:50:12][server_model_logger][INFO][/home/zz/Desktop/project/Online_Judge/Search/Index/Searcher.cpp:10][获取单例模式成功]
[22:50:12][server_model_logger][DEBUG][/home/zz/Desktop/project/Online_Judge/Search/Index/Index.cpp:55][test begin]
[22:50:13][server_model_logger][DEBUG][/home/zz/Desktop/project/Online_Judge/Search/Index/Index.cpp:60][尝试读入数据库成功]
[22:50:13][server_model_logger][DEBUG][/home/zz/Desktop/project/Online_Judge/Search/Index/Index.cpp:71][尝试获取文档信息成功]
[22:50:13][server_model_logger][DEBUG][/home/zz/Desktop/project/Online_Judge/Search/Index/Index.cpp:71][尝试获取文档信息成功]
[22:50:13][server_model_logger][DEBUG][/home/zz/Desktop/project/Online_Judge/Search/Index/Index.cpp:71][尝试获取文档信息成功]
[22:50:13][server_model_logger][INFO][/home/zz/Desktop/project/Online_Judge/Search/Index/Searcher.cpp:14][建立索引成功]
[22:50:13][server_model_logger][INFO][/home/zz/Desktop/project/Online_Judge/Search/Http/Http_Server.cpp:61][服务器启动成功......]
[22:52:38][server_model_logger][INFO][/home/zz/Desktop/project/Online_Judge/Search/Http/Http_Server.cpp:45][用户在搜索：C  ]
[21:33:27][server_model_logger][INFO][/home/zz/Desktop/project/Online_Judge/Search/Index/Searcher.cpp:10][获取单例模式成功]
[21:33:27][server_model_logger][DEBUG][/home/zz/Desktop/project/Online_Judge/Search/Index/Index.cpp:71][尝试获取文档信息成功]
[21:33:27][server_model_logger][DEBUG][/home/zz/Desktop/project/Online_Judge/Search/Index/Index.cpp:71][尝试获取文档信息成功]
[21:33:27][server_model_logger][DEBUG][/home/zz/Desktop/project/Online_Judge/Search/Index/Index.cpp:71][尝试获取文档信息成功]
[21:33:27][server_model_logger][INFO][/home/zz/Desktop/project/Online_Judge/Search/Index/Searcher.cpp:14][建立索引成功]
[21:41:06][server_model_logger][INFO][/home/zz/Desktop/project/Online_Judge/Search/Index/Searcher.cpp:10][获取单例模式成功]
[21:41:07][server_model_logger][DEBUG][/home/zz/Desktop/project/Online_Judge/Search/Index/Index.cpp:71][尝试获取文档信息成功]
[21:41:07][server_model_logger][DEBUG][/home/zz/Desktop/project/Online_Judge/Search/Index/Index.cpp:71][尝试获取文档信息成功]
[21:41:07][server_model_logger][DEBUG][/home/zz/Desktop/project/Online_Judge/Search/Index/Index.cpp:71][尝试获取文档信息成功]
[21:41:07][server_model_logger][INFO][/home/zz/Desktop/project/Online_Judge/Search/Index/Searcher.cpp:14][建立索引成功]
