[23:27:21][util_logger][ERROR][/home/zz/Desktop/project/Online_Judge/Compile/../Common/Util/Tool.hpp:145][./temp/1771082841142_1.cpp open error!]
[23:27:21][util_logger][ERROR][/home/zz/Desktop/project/Online_Judge/Compile/../Common/Util/Tool.hpp:122][./temp/1771082841142_1.cpp is not exist!]
[23:27:21][util_logger][ERROR][/home/zz/Desktop/project/Online_Judge/Compile/../Common/Util/Tool.hpp:122][./temp/1771082841142_1.compile_error is not exist!]
[23:27:21][util_logger][ERROR][/home/zz/Desktop/project/Online_Judge/Compile/../Common/Util/Tool.hpp:122][./temp/1771082841142_1.exe is not exist!]
[23:27:21][util_logger][ERROR][/home/zz/Desktop/project/Online_Judge/Compile/../Common/Util/Tool.hpp:122][./temp/1771082841142_1.stdin is not exist!]
[23:27:21][util_logger][ERROR][/home/zz/Desktop/project/Online_Judge/Compile/../Common/Util/Tool.hpp:122][./temp/1771082841142_1.stdout is not exist!]
[23:27:21][util_logger][ERROR][/home/zz/Desktop/project/Online_Judge/Compile/../Common/Util/Tool.hpp:122][./temp/1771082841142_1.stderr is not exist!]
[23:34:31][util_logger][ERROR][/home/zz/Desktop/project/Online_Judge/Compile/../Common/Util/Tool.hpp:145][./temp/1771083271896_1.cpp open error!]
[23:34:31][util_logger][ERROR][/home/zz/Desktop/project/Online_Judge/Compile/../Common/Util/Tool.hpp:122][./temp/1771083271896_1.cpp is not exist!]
[23:34:31][util_logger][ERROR][/home/zz/Desktop/project/Online_Judge/Compile/../Common/Util/Tool.hpp:122][./temp/1771083271896_1.compile_error is not exist!]
[23:34:31][util_logger][ERROR][/home/zz/Desktop/project/Online_Judge/Compile/../Common/Util/Tool.hpp:122][./temp/1771083271896_1.exe is not exist!]
[23:34:31][util_logger][ERROR][/home/zz/Desktop/project/Online_Judge/Compile/../Common/Util/Tool.hpp:122][./temp/1771083271896_1.stdin is not exist!]
[23:34:31][util_logger][ERROR][/home/zz/Desktop/project/Online_Judge/Compile/../Common/Util/Tool.hpp:122][./temp/1771083271896_1.stdout is not exist!]
[23:34:31][util_logger][ERROR][/home/zz/Desktop/project/Online_Judge/Compile/../Common/Util/Tool.hpp:122][./temp/1771083271896_1.stderr is not exist!]
[23:36:33][util_logger][ERROR][/home/zz/Desktop/project/Online_Judge/Compile/../Common/Util/Tool.hpp:145][./temp/1771083393810_1.cpp open error!]
[23:36:33][util_logger][ERROR][/home/zz/Desktop/project/Online_Judge/Compile/../Common/Util/Tool.hpp:122][./temp/1771083393810_1.cpp is not exist!]
[23:36:33][util_logger][ERROR][/home/zz/Desktop/project/Online_Judge/Compile/../Common/Util/Tool.hpp:122][./temp/1771083393810_1.compile_error is not exist!]
[23:36:33][util_logger][ERROR][/home/zz/Desktop/project/Online_Judge/Compile/../Common/Util/Tool.hpp:122][./temp/1771083393810_1.exe is not exist!]
[23:36:33][util_logger][ERROR][/home/zz/Desktop/project/Online_Judge/Compile/../Common/Util/Tool.hpp:122][./temp/1771083393810_1.stdin is not exist!]
[23:36:33][util_logger][ERROR][/home/zz/Desktop/project/Online_Judge/Compile/../Common/Util/Tool.hpp:122][./temp/1771083393810_1.stdout is not exist!]
[23:36:33][util_logger][ERROR][/home/zz/Desktop/project/Online_Judge/Compile/../Common/Util/Tool.hpp:122][./temp/1771083393810_1.stderr is not exist!]
[23:39:08][util_logger][ERROR][/home/zz/Desktop/project/Online_Judge/Compile/../Common/Util/Tool.hpp:145][./temp/1771083548145_1.cpp open error!]
[23:39:08][util_logger][ERROR][/home/zz/Desktop/project/Online_Judge/Compile/../Common/Util/Tool.hpp:122][./temp/1771083548145_1.cpp is not exist!]
[23:39:08][util_logger][ERROR][/home/zz/Desktop/project/Online_Judge/Compile/../Common/Util/Tool.hpp:122][./temp/1771083548145_1.compile_error is not exist!]
[23:39:08][util_logger][ERROR][/home/zz/Desktop/project/Online_Judge/Compile/../Common/Util/Tool.hpp:122][./temp/1771083548145_1.exe is not exist!]
[23:39:08][util_logger][ERROR][/home/zz/Desktop/project/Online_Judge/Compile/../Common/Util/Tool.hpp:122][./temp/1771083548145_1.stdin is not exist!]
[23:39:08][util_logger][ERROR][/home/zz/Desktop/project/Online_Judge/Compile/../Common/Util/Tool.hpp:122][./temp/1771083548145_1.stdout is not exist!]
[23:39:08][util_logger][ERROR][/home/zz/Desktop/project/Online_Judge/Compile/../Common/Util/Tool.hpp:122][./temp/1771083548145_1.stderr is not exist!]
[23:42:28][util_logger][ERROR][/home/zz/Desktop/project/Online_Judge/Compile/../Common/Util/Tool.hpp:145][./temp/1771083748102_1.cpp open error!]
[23:42:28][util_logger][ERROR][/home/zz/Desktop/project/Online_Judge/Compile/../Common/Util/Tool.hpp:122][./temp/1771083748102_1.cpp is not exist!]
[23:42:28][util_logger][ERROR][/home/zz/Desktop/project/Online_Judge/Compile/../Common/Util/Tool.hpp:122][./temp/1771083748102_1.compile_error is not exist!]
[23:42:28][util_logger][ERROR][/home/zz/Desktop/project/Online_Judge/Compile/../Common/Util/Tool.hpp:122][./temp/1771083748102_1.exe is not exist!]
[23:42:28][util_logger][ERROR][/home/zz/Desktop/project/Online_Judge/Compile/../Common/Util/Tool.hpp:122][./temp/1771083748102_1.stdin is not exist!]
[23:42:28][util_logger][ERROR][/home/zz/Desktop/project/Online_Judge/Compile/../Common/Util/Tool.hpp:122][./temp/1771083748102_1.stdout is not exist!]
[23:42:28][util_logger][ERROR][/home/zz/Desktop/project/Online_Judge/Compile/../Common/Util/Tool.hpp:122][./temp/1771083748102_1.stderr is not exist!]
[21:28:52][util_logger][ERROR][/home/zz/Desktop/project/Online_Judge/Compile/../Common/Util/Tool.hpp:176][/home/zz/Desktop/project/Online_Judge/OJ/Questions/Data/Judge/1/temp.out open error!]
[21:37:12][util_logger][ERROR][/home/zz/Desktop/project/Online_Judge/Compile/../Common/Util/Tool.hpp:130][/home/zz/Desktop/project/Online_Judge/OJ/Questions/Data/1.out is not exist!]
[21:44:10][util_logger][ERROR][/home/zz/Desktop/project/Online_Judge/Compile/../Common/Util/Tool.hpp:130][/home/zz/Desktop/project/Online_Judge/OJ/Questions/Data/1.out is not exist!]
[21:57:31][util_logger][ERROR][/home/zz/Desktop/project/Online_Judge/Compile/../Common/Util/Tool.hpp:130][/home/zz/Desktop/project/Online_Judge/OJ/Questions/Data/1.out is not exist!]
[21:58:08][util_logger][ERROR][/home/zz/Desktop/project/Online_Judge/Compile/../Common/Util/Tool.hpp:176][/home/zz/Desktop/project/Online_Judge/OJ/Questions/Data/Judge/1/temp.out open error!]
[22:02:40][util_logger][ERROR][/home/zz/Desktop/project/Online_Judge/Compile/../Common/Util/Tool.hpp:176][/home/zz/Desktop/project/Online_Judge/OJ/Questions/Data/Judge/1/temp.out open error!]
[22:08:46][util_logger][ERROR][/home/zz/Desktop/project/Online_Judge/Compile/../Common/Util/Tool.hpp:176][/home/zz/Desktop/project/Online_Judge/OJ/Questions/Data/Judge/1/temp.out open error!]
[22:14:14][util_logger][ERROR][/home/zz/Desktop/project/Online_Judge/Compile/../Common/Util/Tool.hpp:176][/home/zz/Desktop/project/Online_Judge/OJ/Questions/Data/Judge/1/temp.out open error!]
[10:02:51][util_logger][ERROR][/home/zz/Desktop/project/Online_Judge/Compile/../Common/Util/Tool.hpp:153][/home/zz/Desktop/project/Online_Judge/Compile/temp/1772589771660_1.cpp open error!]
[10:02:51][util_logger][ERROR][/home/zz/Desktop/project/Online_Judge/Compile/../Common/Util/Tool.hpp:130][/home/zz/Desktop/project/Online_Judge/Compile/temp/1772589771660_1.cpp is not exist!]
[10:02:51][util_logger][ERROR][/home/zz/Desktop/project/Online_Judge/Compile/../Common/Util/Tool.hpp:130][/home/zz/Desktop/project/Online_Judge/Compile/temp/1772589771660_1.compile_error is not exist!]
[10:02:51][util_logger][ERROR][/home/zz/Desktop/project/Online_Judge/Compile/../Common/Util/Tool.hpp:130][/home/zz/Desktop/project/Online_Judge/Compile/temp/1772589771660_1.exe is not exist!]
[10:02:51][util_logger][ERROR][/home/zz/Desktop/project/Online_Judge/Compile/../Common/Util/Tool.hpp:130][/home/zz/Desktop/project/Online_Judge/OJ/Questions/Data/Judge/1.out is not exist!]
[10:02:51][util_logger][ERROR][/home/zz/Desktop/project/Online_Judge/Compile/../Common/Util/Tool.hpp:130][/home/zz/Desktop/project/Online_Judge/Compile/temp/1772589771660_1.stderr is not exist!]
[10:05:10][util_logger][ERROR][/home/zz/Desktop/project/Online_Judge/Compile/../Common/Util/Tool.hpp:153][/home/zz/Desktop/project/Online_Judge/Compile/temp/1772589910738_2.cpp open error!]
[10:05:10][util_logger][ERROR][/home/zz/Desktop/project/Online_Judge/Compile/../Common/Util/Tool.hpp:130][/home/zz/Desktop/project/Online_Judge/Compile/temp/1772589910738_2.cpp is not exist!]
[10:05:10][util_logger][ERROR][/home/zz/Desktop/project/Online_Judge/Compile/../Common/Util/Tool.hpp:130][/home/zz/Desktop/project/Online_Judge/Compile/temp/1772589910738_2.compile_error is not exist!]
[10:05:10][util_logger][ERROR][/home/zz/Desktop/project/Online_Judge/Compile/../Common/Util/Tool.hpp:130][/home/zz/Desktop/project/Online_Judge/Compile/temp/1772589910738_2.exe is not exist!]
[10:05:10][util_logger][ERROR][/home/zz/Desktop/project/Online_Judge/Compile/../Common/Util/Tool.hpp:130][/home/zz/Desktop/project/Online_Judge/OJ/Questions/Data/Judge/1.out is not exist!]
[10:05:10][util_logger][ERROR][/home/zz/Desktop/project/Online_Judge/Compile/../Common/Util/Tool.hpp:130][/home/zz/Desktop/project/Online_Judge/Compile/temp/1772589910738_2.stderr is not exist!]
[10:05:50][util_logger][ERROR][/home/zz/Desktop/project/Online_Judge/Compile/../Common/Util/Tool.hpp:153][/home/zz/Desktop/project/Online_Judge/Compile/temp/1772589950126_1.cpp open error!]
[10:05:50][util_logger][ERROR][/home/zz/Desktop/project/Online_Judge/Compile/../Common/Util/Tool.hpp:130][/home/zz/Desktop/project/Online_Judge/Compile/temp/1772589950126_1.cpp is not exist!]
[10:05:50][util_logger][ERROR][/home/zz/Desktop/project/Online_Judge/Compile/../Common/Util/Tool.hpp:130][/home/zz/Desktop/project/Online_Judge/Compile/temp/1772589950126_1.compile_error is not exist!]
[10:05:50][util_logger][ERROR][/home/zz/Desktop/project/Online_Judge/Compile/../Common/Util/Tool.hpp:130][/home/zz/Desktop/project/Online_Judge/Compile/temp/1772589950126_1.exe is not exist!]
[10:05:50][util_logger][ERROR][/home/zz/Desktop/project/Online_Judge/Compile/../Common/Util/Tool.hpp:130][/home/zz/Desktop/project/Online_Judge/OJ/Questions/Data/Judge/1.out is not exist!]
[10:05:50][util_logger][ERROR][/home/zz/Desktop/project/Online_Judge/Compile/../Common/Util/Tool.hpp:130][/home/zz/Desktop/project/Online_Judge/Compile/temp/1772589950126_1.stderr is not exist!]
[23:10:12][util_logger][ERROR][/home/zz/Desktop/project/Online_Judge/Compile/../Common/Util/Tool.hpp:176][/home/zz/Desktop/project/Online_Judge/OJ/Questions/Data/Judge/1.out open error!]
[23:10:12][util_logger][ERROR][/home/zz/Desktop/project/Online_Judge/Compile/../Common/Util/Tool.hpp:176][/home/zz/Desktop/project/Online_Judge/Compile/temp/1772637010819_2.stderr open error!]
[23:10:12][util_logger][ERROR][/home/zz/Desktop/project/Online_Judge/Compile/../Common/Util/Tool.hpp:130][/home/zz/Desktop/project/Online_Judge/OJ/Questions/Data/Judge/1.out is not exist!]
[23:10:12][util_logger][ERROR][/home/zz/Desktop/project/Online_Judge/Compile/../Common/Util/Tool.hpp:130][/home/zz/Desktop/project/Online_Judge/Compile/temp/1772637010819_2.stderr is not exist!]
[23:52:57][util_logger][ERROR][/home/zz/Desktop/project/Online_Judge/Compile/../Common/Util/Tool.hpp:176][/home/zz/Desktop/project/Online_Judge/OJ/Questions/Data/Judge/1.out open error!]
[23:52:57][util_logger][ERROR][/home/zz/Desktop/project/Online_Judge/Compile/../Common/Util/Tool.hpp:176][/home/zz/Desktop/project/Online_Judge/Compile/temp/1772639575043_1.stderr open error!]
[23:52:57][util_logger][ERROR][/home/zz/Desktop/project/Online_Judge/Compile/../Common/Util/Tool.hpp:130][/home/zz/Desktop/project/Online_Judge/OJ/Questions/Data/Judge/1.out is not exist!]
[23:52:57][util_logger][ERROR][/home/zz/Desktop/project/Online_Judge/Compile/../Common/Util/Tool.hpp:130][/home/zz/Desktop/project/Online_Judge/Compile/temp/1772639575043_1.stderr is not exist!]
[00:03:11][util_logger][ERROR][/home/zz/Desktop/project/Online_Judge/Compile/../Common/Util/Tool.hpp:130][/home/zz/Desktop/project/Online_Judge/OJ/Questions/Data/Judge/1.out is not exist!]
[00:03:11][util_logger][ERROR][/home/zz/Desktop/project/Online_Judge/Compile/../Common/Util/Tool.hpp:130][/home/zz/Desktop/project/Online_Judge/Compile/temp/1772640189889_1.stderr is not exist!]
[11:04:44][util_logger][ERROR][/home/zz/Desktop/project/Online_Judge/Compile/../Common/Util/Tool.hpp:176][/home/zz/Desktop/project/Online_Judge/OJ/Questions/Data/Judge/1.out open error!]
[11:04:44][util_logger][ERROR][/home/zz/Desktop/project/Online_Judge/Compile/../Common/Util/Tool.hpp:176][/home/zz/Desktop/project/Online_Judge/Compile/temp/1772679882923_2.stderr open error!]
[22:46:29][util_logger][ERROR][/home/zz/Desktop/project/Online_Judge/Compile/../Common/Util/Tool.hpp:130][/home/zz/Desktop/project/Online_Judge/Compile/temp/1773067587589_1.compile_error is not exist!]
[22:46:29][util_logger][ERROR][/home/zz/Desktop/project/Online_Judge/Compile/../Common/Util/Tool.hpp:130][/home/zz/Desktop/project/Online_Judge/Compile/temp/1773067587589_1.exe is not exist!]
[22:55:15][util_logger][ERROR][/home/zz/Desktop/project/Online_Judge/Compile/../Common/Util/Tool.hpp:130][/home/zz/Desktop/project/Online_Judge/Compile/temp/1773068114526_1.cpp is not exist!]
[22:55:15][util_logger][ERROR][/home/zz/Desktop/project/Online_Judge/Compile/../Common/Util/Tool.hpp:130][/home/zz/Desktop/project/Online_Judge/Compile/temp/1773068114526_1.compile_error is not exist!]
[22:55:15][util_logger][ERROR][/home/zz/Desktop/project/Online_Judge/Compile/../Common/Util/Tool.hpp:130][/home/zz/Desktop/project/Online_Judge/Compile/temp/1773068114526_1.exe is not exist!]
